<?xml version="1.0" encoding="UTF-8"?>
<testng-results ignored="0" total="1" passed="1" failed="0" skipped="0">
  <reporter-output>
  </reporter-output>
  <suite started-at="2022-10-18T20:30:58 IST" name="Default suite" finished-at="2022-10-18T20:31:25 IST" duration-ms="27516">
    <groups>
    </groups>
    <test started-at="2022-10-18T20:30:58 IST" name="Default test" finished-at="2022-10-18T20:31:25 IST" duration-ms="27516">
      <class name="selenium_basic.open_google">
        <test-method signature="movieDetails()[pri:0, instance:selenium_basic.open_google@56cdfb3b]" started-at="2022-10-18T20:30:58 IST" name="movieDetails" finished-at="2022-10-18T20:31:25 IST" duration-ms="27417" status="PASS">
          <reporter-output>
          </reporter-output>
        </test-method> <!-- movieDetails -->
      </class> <!-- selenium_basic.open_google -->
    </test> <!-- Default test -->
  </suite> <!-- Default suite -->
</testng-results>
